2024-11-17 14:10:34,980 - INFO - Starting model fitting.
2024-11-17 14:10:34,980 - INFO - Starting data preprocessing.
2024-11-17 14:10:34,981 - INFO - Applying MinMax scaling on features (X) and target (y).
2024-11-17 14:10:34,984 - INFO - Data preprocessing completed.
2024-11-17 14:10:34,984 - INFO - Generating 20 permutations.
2024-11-17 14:10:38,944 - INFO - Permutations generated in 3.96 seconds.
2024-11-17 14:10:38,944 - INFO - Starting grid search for optimal theta.
2024-11-17 14:14:43,037 - INFO - Grid search completed.
2024-11-17 14:14:43,038 - INFO - Theta optimization completed in 244.09 seconds.
2024-11-17 14:14:43,039 - INFO - Optimal thetas extracted.
2024-11-17 14:14:43,041 - INFO - Building CDFs.
2024-11-17 14:14:43,088 - INFO - CDFs building completed in 0.05 seconds.
2024-11-17 14:14:43,088 - INFO - Starting copula fitting, on data with max: 0.9999899864196777 and min: 9.999999747378752e-06.
2024-11-17 14:14:43,831 - INFO - Copula fitting completed.
2024-11-17 14:14:44,100 - INFO - Model fitting completed in 1.01 seconds.
2024-11-17 14:14:44,100 - INFO - Total model fitting time: 249.12 seconds.
2024-11-17 14:14:44,100 - INFO - Saving model to folder: qb_vine_model.
2024-11-17 14:14:44,129 - INFO - Model saved successfully, including copula JSON and scaler.
2024-11-17 14:14:44,174 - INFO - Model loaded successfully, including copula and scaler.
2024-11-17 14:14:44,175 - INFO - Starting prediction.
2024-11-17 14:14:44,656 - INFO - Prediction completed with shape: (178, 1) and values: [[277.98597972]
 [277.98597972]
 [277.98597972]
 [277.98597972]
 [277.98597972]
 [277.98597972]
 [277.98597972]
 [277.98597972]
 [277.98597972]
 [277.98597972]
 [277.98597972]
 [277.98597972]
 [277.98597972]
 [277.98597972]
 [277.98597972]
 [277.98597972]
 [277.98597972]
 [277.98597972]
 [277.98597972]
 [277.98597972]
 [277.98597972]
 [277.98597972]
 [277.98597972]
 [277.98597972]
 [277.98597972]
 [277.98597972]
 [277.98597972]
 [277.98597972]
 [277.98597972]
 [277.98597972]
 [277.98597972]
 [277.98597972]
 [277.98597972]
 [277.98597972]
 [277.98597972]
 [277.98597972]
 [277.98597972]
 [277.98597972]
 [277.98597972]
 [277.98597972]
 [277.98597972]
 [277.98597972]
 [277.98597972]
 [277.98597972]
 [277.98597972]
 [277.98597972]
 [277.98597972]
 [277.98597972]
 [277.98597972]
 [277.98597972]
 [277.98597972]
 [277.98597972]
 [277.98597972]
 [277.98597972]
 [277.98597972]
 [277.98597972]
 [277.98597972]
 [277.98597972]
 [277.98597972]
 [277.98597972]
 [277.98597972]
 [277.98597972]
 [277.98597972]
 [277.98597972]
 [277.98597972]
 [277.98597972]
 [277.98597972]
 [277.98597972]
 [277.98597972]
 [277.98597972]
 [277.98597972]
 [277.98597972]
 [277.98597972]
 [277.98597972]
 [277.98597972]
 [277.98597972]
 [277.98597972]
 [277.98597972]
 [277.98597972]
 [277.98597972]
 [277.98597972]
 [277.98597972]
 [277.98597972]
 [277.98597972]
 [277.98597972]
 [277.98597972]
 [277.98597972]
 [277.98597972]
 [277.98597972]
 [277.98597972]
 [277.98597972]
 [277.98597972]
 [277.98597972]
 [277.98597972]
 [277.98597972]
 [277.98597972]
 [277.98597972]
 [277.98597972]
 [277.98597972]
 [277.98597972]
 [277.98597972]
 [277.98597972]
 [277.98597972]
 [277.98597972]
 [277.98597972]
 [277.98597972]
 [277.98597972]
 [277.98597972]
 [277.98597972]
 [277.98597972]
 [277.98597972]
 [277.98597972]
 [277.98597972]
 [277.98597972]
 [277.98597972]
 [277.98597972]
 [277.98597972]
 [277.98597972]
 [277.98597972]
 [277.98597972]
 [277.98597972]
 [277.98597972]
 [277.98597972]
 [277.98597972]
 [277.98597972]
 [277.98597972]
 [277.98597972]
 [277.98597972]
 [277.98597972]
 [277.98597972]
 [277.98597972]
 [277.98597972]
 [277.98597972]
 [277.98597972]
 [277.98597972]
 [277.98597972]
 [277.98597972]
 [277.98597972]
 [277.98597972]
 [277.98597972]
 [277.98597972]
 [277.98597972]
 [277.98597972]
 [277.98597972]
 [277.98597972]
 [277.98597972]
 [277.98597972]
 [277.98597972]
 [277.98597972]
 [277.98597972]
 [277.98597972]
 [277.98597972]
 [277.98597972]
 [277.98597972]
 [277.98597972]
 [277.98597972]
 [277.98597972]
 [277.98597972]
 [277.98597972]
 [277.98597972]
 [277.98597972]
 [277.98597972]
 [277.98597972]
 [277.98597972]
 [277.98597972]
 [277.98597972]
 [277.98597972]
 [277.98597972]
 [277.98597972]
 [277.98597972]
 [277.98597972]
 [277.98597972]
 [277.98597972]
 [277.98597972]
 [277.98597972]
 [277.98597972]
 [277.98597972]
 [277.98597972]]
2024-11-17 14:18:34,504 - INFO - Model loaded successfully, including copula and scaler.
2024-11-17 14:18:34,505 - INFO - Starting prediction.
2024-11-17 14:18:35,055 - INFO - Prediction completed with shape: (178, 1) and values: [[277.98597972]
 [277.98597972]
 [277.98597972]
 [277.98597972]
 [277.98597972]
 [277.98597972]
 [277.98597972]
 [277.98597972]
 [277.98597972]
 [277.98597972]
 [277.98597972]
 [277.98597972]
 [277.98597972]
 [277.98597972]
 [277.98597972]
 [277.98597972]
 [277.98597972]
 [277.98597972]
 [277.98597972]
 [277.98597972]
 [277.98597972]
 [277.98597972]
 [277.98597972]
 [277.98597972]
 [277.98597972]
 [277.98597972]
 [277.98597972]
 [277.98597972]
 [277.98597972]
 [277.98597972]
 [277.98597972]
 [277.98597972]
 [277.98597972]
 [277.98597972]
 [277.98597972]
 [277.98597972]
 [277.98597972]
 [277.98597972]
 [277.98597972]
 [277.98597972]
 [277.98597972]
 [277.98597972]
 [277.98597972]
 [277.98597972]
 [277.98597972]
 [277.98597972]
 [277.98597972]
 [277.98597972]
 [277.98597972]
 [277.98597972]
 [277.98597972]
 [277.98597972]
 [277.98597972]
 [277.98597972]
 [277.98597972]
 [277.98597972]
 [277.98597972]
 [277.98597972]
 [277.98597972]
 [277.98597972]
 [277.98597972]
 [277.98597972]
 [277.98597972]
 [277.98597972]
 [277.98597972]
 [277.98597972]
 [277.98597972]
 [277.98597972]
 [277.98597972]
 [277.98597972]
 [277.98597972]
 [277.98597972]
 [277.98597972]
 [277.98597972]
 [277.98597972]
 [277.98597972]
 [277.98597972]
 [277.98597972]
 [277.98597972]
 [277.98597972]
 [277.98597972]
 [277.98597972]
 [277.98597972]
 [277.98597972]
 [277.98597972]
 [277.98597972]
 [277.98597972]
 [277.98597972]
 [277.98597972]
 [277.98597972]
 [277.98597972]
 [277.98597972]
 [277.98597972]
 [277.98597972]
 [277.98597972]
 [277.98597972]
 [277.98597972]
 [277.98597972]
 [277.98597972]
 [277.98597972]
 [277.98597972]
 [277.98597972]
 [277.98597972]
 [277.98597972]
 [277.98597972]
 [277.98597972]
 [277.98597972]
 [277.98597972]
 [277.98597972]
 [277.98597972]
 [277.98597972]
 [277.98597972]
 [277.98597972]
 [277.98597972]
 [277.98597972]
 [277.98597972]
 [277.98597972]
 [277.98597972]
 [277.98597972]
 [277.98597972]
 [277.98597972]
 [277.98597972]
 [277.98597972]
 [277.98597972]
 [277.98597972]
 [277.98597972]
 [277.98597972]
 [277.98597972]
 [277.98597972]
 [277.98597972]
 [277.98597972]
 [277.98597972]
 [277.98597972]
 [277.98597972]
 [277.98597972]
 [277.98597972]
 [277.98597972]
 [277.98597972]
 [277.98597972]
 [277.98597972]
 [277.98597972]
 [277.98597972]
 [277.98597972]
 [277.98597972]
 [277.98597972]
 [277.98597972]
 [277.98597972]
 [277.98597972]
 [277.98597972]
 [277.98597972]
 [277.98597972]
 [277.98597972]
 [277.98597972]
 [277.98597972]
 [277.98597972]
 [277.98597972]
 [277.98597972]
 [277.98597972]
 [277.98597972]
 [277.98597972]
 [277.98597972]
 [277.98597972]
 [277.98597972]
 [277.98597972]
 [277.98597972]
 [277.98597972]
 [277.98597972]
 [277.98597972]
 [277.98597972]
 [277.98597972]
 [277.98597972]
 [277.98597972]
 [277.98597972]
 [277.98597972]
 [277.98597972]
 [277.98597972]
 [277.98597972]
 [277.98597972]]
